<?xml version="1.0" encoding="UTF-8"?>
<testng-results ignored="0" total="3" passed="3" failed="0" skipped="0">
  <reporter-output>
  </reporter-output>
  <suite started-at="2024-09-04T00:51:10 IST" name="Default suite" finished-at="2024-09-04T00:51:13 IST" duration-ms="2903">
    <groups>
    </groups>
    <test started-at="2024-09-04T00:51:10 IST" name="Default test" finished-at="2024-09-04T00:51:13 IST" duration-ms="2903">
      <class name="LibraryAPI">
        <test-method signature="addBooks(java.lang.String, java.lang.String)[pri:0, instance:LibraryAPI@2cd2a21f]" started-at="2024-09-04T00:51:10 IST" name="addBooks" data-provider="Booksdata" finished-at="2024-09-04T00:51:12 IST" duration-ms="2555" status="PASS">
          <params>
            <param index="0">
              <value>
                <![CDATA[bcde]]>
              </value>
            </param>
            <param index="1">
              <value>
                <![CDATA[2278]]>
              </value>
            </param>
          </params>
          <reporter-output>
          </reporter-output>
        </test-method> <!-- addBooks -->
        <test-method signature="addBooks(java.lang.String, java.lang.String)[pri:0, instance:LibraryAPI@2cd2a21f]" started-at="2024-09-04T00:51:12 IST" name="addBooks" data-provider="Booksdata" finished-at="2024-09-04T00:51:13 IST" duration-ms="149" status="PASS">
          <params>
            <param index="0">
              <value>
                <![CDATA[bvcfr]]>
              </value>
            </param>
            <param index="1">
              <value>
                <![CDATA[5682]]>
              </value>
            </param>
          </params>
          <reporter-output>
          </reporter-output>
        </test-method> <!-- addBooks -->
        <test-method signature="addBooks(java.lang.String, java.lang.String)[pri:0, instance:LibraryAPI@2cd2a21f]" started-at="2024-09-04T00:51:13 IST" name="addBooks" data-provider="Booksdata" finished-at="2024-09-04T00:51:13 IST" duration-ms="145" status="PASS">
          <params>
            <param index="0">
              <value>
                <![CDATA[gsfdew]]>
              </value>
            </param>
            <param index="1">
              <value>
                <![CDATA[65984]]>
              </value>
            </param>
          </params>
          <reporter-output>
          </reporter-output>
        </test-method> <!-- addBooks -->
      </class> <!-- LibraryAPI -->
    </test> <!-- Default test -->
  </suite> <!-- Default suite -->
</testng-results>
